<?xml version="1.0" encoding="UTF-8"?>
<!-- Generated by org.testng.reporters.JUnitReportReporter -->
<testsuite hostname="DESKTOP-N6MAURJ" failures="0" tests="1" name="TestCases.FirstnameTC_LS" time="3.387" errors="0" timestamp="2023-04-26T15:02:45 CEST" skipped="0">
  <testcase classname="TestCases.FirstnameTC_LS" name="validatingFirstNameField" time="3.387"/>
  <system-out>
    <![CDATA[Entering username]]>
  </system-out>
</testsuite> <!-- TestCases.FirstnameTC_LS -->
