<?xml version="1.0" encoding="UTF-8"?>
<!-- Generated by org.testng.reporters.JUnitReportReporter -->
<testsuite hostname="DESKTOP-N6MAURJ" failures="0" tests="1" name="TestCases.OccuTC_LS" time="2.703" errors="0" timestamp="2023-04-26T15:02:45 CEST" skipped="0">
  <testcase classname="TestCases.OccuTC_LS" name="validatingOccupationDD" time="2.703"/>
  <system-out>
    <![CDATA[Selecting occupation from drop down]]>
  </system-out>
</testsuite> <!-- TestCases.OccuTC_LS -->
