<?xml version="1.0" encoding="UTF-8"?>
<!-- Generated by org.testng.reporters.JUnitReportReporter -->
<testsuite hostname="DESKTOP-N6MAURJ" failures="0" tests="1" name="TestCases.EmailTC_LS" time="2.631" errors="0" timestamp="2023-04-26T15:02:45 CEST" skipped="0">
  <testcase classname="TestCases.EmailTC_LS" name="validatingEmailField" time="2.631"/>
  <system-out>
    <![CDATA[Entering Email]]>
  </system-out>
</testsuite> <!-- TestCases.EmailTC_LS -->
