<?xml version="1.0" encoding="UTF-8"?>
<!-- Generated by org.testng.reporters.JUnitReportReporter -->
<testsuite hostname="DESKTOP-N6MAURJ" failures="0" tests="2" name="TestCases.TC1_LS" time="7.434" errors="0" timestamp="2023-04-25T15:18:38 CEST" skipped="0">
  <testcase classname="TestCases.TC1_LS" name="validatingFirstNameField" time="4.135"/>
  <system-out>
    <![CDATA[Entering username]]>
  </system-out>
  <testcase classname="TestCases.TC1_LS" name="validatingEmailField" time="3.299"/>
  <system-out>
    <![CDATA[Entering Email]]>
  </system-out>
</testsuite> <!-- TestCases.TC1_LS -->
