<?xml version="1.0" encoding="UTF-8"?>
<!-- Generated by org.testng.reporters.JUnitReportReporter -->
<testsuite hostname="DESKTOP-N6MAURJ" failures="0" tests="1" name="TestCases.GenderTC_LS" time="2.437" errors="0" timestamp="2023-04-26T15:02:45 CEST" skipped="0">
  <testcase classname="TestCases.GenderTC_LS" name="validatingGenderRadio" time="2.437"/>
  <system-out>
    <![CDATA[Selecting Gender]]>
  </system-out>
</testsuite> <!-- TestCases.GenderTC_LS -->
