<?xml version="1.0" encoding="UTF-8"?>
<!-- Generated by org.testng.reporters.JUnitReportReporter -->
<testsuite hostname="DESKTOP-N6MAURJ" failures="0" tests="1" name="TestCases.PasswordTC_LS" time="2.517" errors="0" timestamp="2023-04-26T15:02:45 CEST" skipped="0">
  <testcase classname="TestCases.PasswordTC_LS" name="validatingPasswordField" time="2.517"/>
  <system-out>
    <![CDATA[Entering Password]]>
  </system-out>
</testsuite> <!-- TestCases.PasswordTC_LS -->
