<?xml version="1.0" encoding="UTF-8"?>
<!-- Generated by org.testng.reporters.JUnitReportReporter -->
<testsuite hostname="DESKTOP-N6MAURJ" failures="0" tests="1" name="TestCases.LastnameTC_LS" time="2.628" errors="0" timestamp="2023-04-26T15:02:45 CEST" skipped="0">
  <testcase classname="TestCases.LastnameTC_LS" name="validatingLastNameField" time="2.628"/>
  <system-out>
    <![CDATA[Entering Last name]]>
  </system-out>
</testsuite> <!-- TestCases.LastnameTC_LS -->
