<?xml version="1.0" encoding="UTF-8"?>
<!-- Generated by org.testng.reporters.JUnitReportReporter -->
<testsuite hostname="DESKTOP-N6MAURJ" failures="0" tests="1" name="TestCases.confirmTC_LS" time="2.553" errors="0" timestamp="2023-04-26T15:02:45 CEST" skipped="0">
  <testcase classname="TestCases.confirmTC_LS" name="validatingConfirmField" time="2.553"/>
  <system-out>
    <![CDATA[Confirming password]]>
  </system-out>
</testsuite> <!-- TestCases.confirmTC_LS -->
