<?xml version="1.0" encoding="UTF-8"?>
<!-- Generated by org.testng.reporters.JUnitReportReporter -->
<testsuite hostname="DESKTOP-N6MAURJ" failures="0" tests="3" name="TestCases.LoginPageTC_LS" time="1.316" errors="0" timestamp="2023-04-26T17:06:45 CEST" skipped="0">
  <testcase classname="TestCases.LoginPageTC_LS" name="validatingLoginButton" time="0.088"/>
  <system-out/>
  <testcase classname="TestCases.LoginPageTC_LS" name="validatingUsernameField" time="0.260"/>
  <system-out/>
  <testcase classname="TestCases.LoginPageTC_LS" name="validatingPasswordField" time="0.968"/>
  <system-out/>
</testsuite> <!-- TestCases.LoginPageTC_LS -->
