<?xml version="1.0" encoding="UTF-8"?>
<!-- Generated by org.testng.reporters.JUnitReportReporter -->
<testsuite hostname="DESKTOP-N6MAURJ" failures="0" tests="1" name="TestCases.NumTC_LS" time="2.631" errors="0" timestamp="2023-04-26T15:02:45 CEST" skipped="0">
  <testcase classname="TestCases.NumTC_LS" name="validatingNumField" time="2.631"/>
  <system-out>
    <![CDATA[Entering number]]>
  </system-out>
</testsuite> <!-- TestCases.NumTC_LS -->
